Determining if the pthread_create exist failed with the following output:
Change Dir: /home/anton/mosquito-air-defence/build/CMakeFiles/CMakeTmp

Run Build Command:"/usr/bin/make" "cmTC_8525b/fast"
/usr/bin/make -f CMakeFiles/cmTC_8525b.dir/build.make CMakeFiles/cmTC_8525b.dir/build
make[1]: Entering directory '/home/anton/mosquito-air-defence/build/CMakeFiles/CMakeTmp'
Building C object CMakeFiles/cmTC_8525b.dir/CheckSymbolExists.c.o
/usr/bin/aarch64-linux-gnu-gcc    -o CMakeFiles/cmTC_8525b.dir/CheckSymbolExists.c.o   -c /home/anton/mosquito-air-defence/build/CMakeFiles/CMakeTmp/CheckSymbolExists.c
Linking C executable cmTC_8525b
/usr/bin/cmake -E cmake_link_script CMakeFiles/cmTC_8525b.dir/link.txt --verbose=1
/usr/bin/aarch64-linux-gnu-gcc      CMakeFiles/cmTC_8525b.dir/CheckSymbolExists.c.o  -o cmTC_8525b 
CMakeFiles/cmTC_8525b.dir/CheckSymbolExists.c.o: In function `main':
CheckSymbolExists.c:(.text+0x14): undefined reference to `pthread_create'
CheckSymbolExists.c:(.text+0x18): undefined reference to `pthread_create'
collect2: error: ld returned 1 exit status
CMakeFiles/cmTC_8525b.dir/build.make:97: recipe for target 'cmTC_8525b' failed
make[1]: *** [cmTC_8525b] Error 1
make[1]: Leaving directory '/home/anton/mosquito-air-defence/build/CMakeFiles/CMakeTmp'
Makefile:126: recipe for target 'cmTC_8525b/fast' failed
make: *** [cmTC_8525b/fast] Error 2

File /home/anton/mosquito-air-defence/build/CMakeFiles/CMakeTmp/CheckSymbolExists.c:
/* */
#include <pthread.h>

int main(int argc, char** argv)
{
  (void)argv;
#ifndef pthread_create
  return ((int*)(&pthread_create))[argc];
#else
  (void)argc;
  return 0;
#endif
}

Determining if the function pthread_create exists in the pthreads failed with the following output:
Change Dir: /home/anton/mosquito-air-defence/build/CMakeFiles/CMakeTmp

Run Build Command:"/usr/bin/make" "cmTC_138b7/fast"
/usr/bin/make -f CMakeFiles/cmTC_138b7.dir/build.make CMakeFiles/cmTC_138b7.dir/build
make[1]: Entering directory '/home/anton/mosquito-air-defence/build/CMakeFiles/CMakeTmp'
Building C object CMakeFiles/cmTC_138b7.dir/CheckFunctionExists.c.o
/usr/bin/aarch64-linux-gnu-gcc   -DCHECK_FUNCTION_EXISTS=pthread_create   -o CMakeFiles/cmTC_138b7.dir/CheckFunctionExists.c.o   -c /usr/share/cmake-3.10/Modules/CheckFunctionExists.c
Linking C executable cmTC_138b7
/usr/bin/cmake -E cmake_link_script CMakeFiles/cmTC_138b7.dir/link.txt --verbose=1
/usr/bin/aarch64-linux-gnu-gcc  -DCHECK_FUNCTION_EXISTS=pthread_create    CMakeFiles/cmTC_138b7.dir/CheckFunctionExists.c.o  -o cmTC_138b7 -lpthreads 
/usr/bin/ld: cannot find -lpthreads
collect2: error: ld returned 1 exit status
CMakeFiles/cmTC_138b7.dir/build.make:97: recipe for target 'cmTC_138b7' failed
make[1]: *** [cmTC_138b7] Error 1
make[1]: Leaving directory '/home/anton/mosquito-air-defence/build/CMakeFiles/CMakeTmp'
Makefile:126: recipe for target 'cmTC_138b7/fast' failed
make: *** [cmTC_138b7/fast] Error 2


